This is pdfTeX, Version 3.141592653-2.6-1.40.29 (TeX Live 2026) (preloaded format=pdflatex 2026.5.9)  10 MAY 2026 20:28
entering extended mode
 restricted \write18 enabled.
 file:line:error style messages enabled.
 %&-line parsing enabled.
**"/Users/lisachardon--denizot/Library/Mobile Documents/com~apple~CloudDocs/Doc
uments/ENSAE/3A_MiE/Applied labour economics/submission/Report.tex"

! Emergency stop.
<to be read again> 
                   \protect 
<*> ...rdon--denizot/Library/Mobile Documents/com~
                                                  apple~CloudDocs/Documents/...
*** (job aborted, file error in nonstop mode)

 
Here is how much of TeX's memory you used:
 5 strings out of 467525
 428 string characters out of 5418983
 433756 words of memory out of 5000000
 29015 multiletter control sequences out of 15000+600000
 627721 words of font info for 40 fonts, out of 8000000 for 9000
 1141 hyphenation exceptions out of 8191
 2i,0n,0p,1b,6s stack positions out of 10000i,1000n,20000p,200000b,200000s
!  ==> Fatal error occurred, no output PDF file produced!
